<?xml version="1.0" encoding="UTF-8"?>
<testng-results skipped="0" failed="1" ignored="0" total="4" passed="3">
  <reporter-output>
  </reporter-output>
  <suite name="Command line suite" duration-ms="200185" started-at="2018-01-04T10:36:40Z" finished-at="2018-01-04T10:40:00Z">
    <groups>
    </groups>
    <test name="Command line test" duration-ms="200185" started-at="2018-01-04T10:36:40Z" finished-at="2018-01-04T10:40:00Z">
      <class name="webtest.demo.demosmoke.DemoSmokeTest">
        <test-method status="PASS" signature="inicializeDriver(java.lang.reflect.Method)[pri:0, instance:webtest.demo.demosmoke.DemoSmokeTest@2acf57e3]" name="inicializeDriver" is-config="true" duration-ms="7769" started-at="2018-01-04T11:36:40Z" finished-at="2018-01-04T11:36:48Z">
          <params>
            <param index="0">
              <value>
                <![CDATA[public void webtest.demo.demosmoke.DemoSmokeTest.checkTestPageTextFail()]]>
              </value>
            </param>
          </params>
          <reporter-output>
          </reporter-output>
        </test-method> <!-- inicializeDriver -->
        <test-method status="FAIL" signature="checkTestPageTextFail()[pri:0, instance:webtest.demo.demosmoke.DemoSmokeTest@2acf57e3]" name="checkTestPageTextFail" duration-ms="62911" started-at="2018-01-04T11:36:48Z" finished-at="2018-01-04T11:37:51Z">
          <exception class="java.lang.AssertionError">
            <message>
              <![CDATA[Text (body) of new page is diferent from expected [Zkontrolujte tento text.] but found [Zkontrolujte tento texxt.]]]>
            </message>
            <full-stacktrace>
              <![CDATA[java.lang.AssertionError: Text (body) of new page is diferent from expected [Zkontrolujte tento text.] but found [Zkontrolujte tento texxt.]
	at org.testng.Assert.fail(Assert.java:93)
	at org.testng.Assert.failNotEquals(Assert.java:512)
	at org.testng.Assert.assertEqualsImpl(Assert.java:134)
	at org.testng.Assert.assertEquals(Assert.java:115)
	at org.testng.Assert.assertEquals(Assert.java:189)
	at webtest.demo.demosmoke.step.HomeTestStep.checkPage(HomeTestStep.java:39)
	at webtest.demo.demosmoke.DemoSmokeTest.checkTestPageTextFail(DemoSmokeTest.java:70)
	at sun.reflect.NativeMethodAccessorImpl.invoke0(Native Method)
	at sun.reflect.NativeMethodAccessorImpl.invoke(NativeMethodAccessorImpl.java:62)
	at sun.reflect.DelegatingMethodAccessorImpl.invoke(DelegatingMethodAccessorImpl.java:43)
	at java.lang.reflect.Method.invoke(Method.java:498)
	at org.testng.internal.MethodInvocationHelper.invokeMethod(MethodInvocationHelper.java:108)
	at org.testng.internal.Invoker.invokeMethod(Invoker.java:661)
	at org.testng.internal.Invoker.invokeTestMethod(Invoker.java:869)
	at org.testng.internal.Invoker.invokeTestMethods(Invoker.java:1193)
	at org.testng.internal.TestMethodWorker.invokeTestMethods(TestMethodWorker.java:126)
	at org.testng.internal.TestMethodWorker.run(TestMethodWorker.java:109)
	at org.testng.TestRunner.privateRun(TestRunner.java:744)
	at org.testng.TestRunner.run(TestRunner.java:602)
	at org.testng.SuiteRunner.runTest(SuiteRunner.java:380)
	at org.testng.SuiteRunner.runSequentially(SuiteRunner.java:375)
	at org.testng.SuiteRunner.privateRun(SuiteRunner.java:340)
	at org.testng.SuiteRunner.run(SuiteRunner.java:289)
	at org.testng.SuiteRunnerWorker.runSuite(SuiteRunnerWorker.java:52)
	at org.testng.SuiteRunnerWorker.run(SuiteRunnerWorker.java:86)
	at org.testng.TestNG.runSuitesSequentially(TestNG.java:1301)
	at org.testng.TestNG.runSuitesLocally(TestNG.java:1226)
	at org.testng.TestNG.runSuites(TestNG.java:1144)
	at org.testng.TestNG.run(TestNG.java:1115)
	at org.apache.maven.surefire.testng.TestNGExecutor.run(TestNGExecutor.java:77)
	at org.apache.maven.surefire.testng.TestNGDirectoryTestSuite.executeMulti(TestNGDirectoryTestSuite.java:159)
	at org.apache.maven.surefire.testng.TestNGDirectoryTestSuite.execute(TestNGDirectoryTestSuite.java:99)
	at org.apache.maven.surefire.testng.TestNGProvider.invoke(TestNGProvider.java:106)
	at sun.reflect.NativeMethodAccessorImpl.invoke0(Native Method)
	at sun.reflect.NativeMethodAccessorImpl.invoke(NativeMethodAccessorImpl.java:62)
	at sun.reflect.DelegatingMethodAccessorImpl.invoke(DelegatingMethodAccessorImpl.java:43)
	at java.lang.reflect.Method.invoke(Method.java:498)
	at org.apache.maven.surefire.util.ReflectionUtils.invokeMethodWithArray(ReflectionUtils.java:189)
	at org.apache.maven.surefire.booter.ProviderFactory$ProviderProxy.invoke(ProviderFactory.java:165)
	at org.apache.maven.surefire.booter.ProviderFactory.invokeProvider(ProviderFactory.java:85)
	at org.apache.maven.surefire.booter.ForkedBooter.runSuitesInProcess(ForkedBooter.java:115)
	at org.apache.maven.surefire.booter.ForkedBooter.main(ForkedBooter.java:75)
]]>
            </full-stacktrace>
          </exception> <!-- java.lang.AssertionError -->
          <reporter-output>
          </reporter-output>
        </test-method> <!-- checkTestPageTextFail -->
        <test-method status="PASS" signature="closeDriver(org.testng.ITestResult)[pri:0, instance:webtest.demo.demosmoke.DemoSmokeTest@2acf57e3]" name="closeDriver" is-config="true" duration-ms="1315" started-at="2018-01-04T11:37:51Z" finished-at="2018-01-04T11:37:52Z">
          <params>
            <param index="0">
              <value>
                <![CDATA[[TestResult name=checkTestPageTextFail status=FAILURE method=DemoSmokeTest.checkTestPageTextFail()[pri:0, instance:webtest.demo.demosmoke.DemoSmokeTest@2acf57e3] output={null}]]]>
              </value>
            </param>
          </params>
          <reporter-output>
          </reporter-output>
        </test-method> <!-- closeDriver -->
        <test-method status="PASS" signature="inicializeDriver(java.lang.reflect.Method)[pri:0, instance:webtest.demo.demosmoke.DemoSmokeTest@2acf57e3]" name="inicializeDriver" is-config="true" duration-ms="4802" started-at="2018-01-04T11:37:52Z" finished-at="2018-01-04T11:37:57Z">
          <params>
            <param index="0">
              <value>
                <![CDATA[public void webtest.demo.demosmoke.DemoSmokeTest.createAndCheckNewPage(webtest.demo.demosmoke.data.NewPageTestData)]]>
              </value>
            </param>
          </params>
          <reporter-output>
          </reporter-output>
        </test-method> <!-- inicializeDriver -->
        <test-method status="PASS" signature="createAndCheckNewPage(webtest.demo.demosmoke.data.NewPageTestData)[pri:0, instance:webtest.demo.demosmoke.DemoSmokeTest@2acf57e3]" name="createAndCheckNewPage" duration-ms="59816" started-at="2018-01-04T11:37:57Z" data-provider="basicTestData" finished-at="2018-01-04T11:38:57Z">
          <params>
            <param index="0">
              <value>
                <![CDATA[webtest.demo.demosmoke.data.NewPageTestData@3feb2dda]]>
              </value>
            </param>
          </params>
          <reporter-output>
          </reporter-output>
        </test-method> <!-- createAndCheckNewPage -->
        <test-method status="PASS" signature="closeDriver(org.testng.ITestResult)[pri:0, instance:webtest.demo.demosmoke.DemoSmokeTest@2acf57e3]" name="closeDriver" is-config="true" duration-ms="632" started-at="2018-01-04T11:38:57Z" finished-at="2018-01-04T11:38:57Z">
          <params>
            <param index="0">
              <value>
                <![CDATA[[TestResult name=createAndCheckNewPage status=SUCCESS method=DemoSmokeTest.createAndCheckNewPage(webtest.demo.demosmoke.data.NewPageTestData)[pri:0, instance:webtest.demo.demosmoke.DemoSmokeTest@2acf57e3] output={null}]]]>
              </value>
            </param>
          </params>
          <reporter-output>
          </reporter-output>
        </test-method> <!-- closeDriver -->
        <test-method status="PASS" signature="inicializeDriver(java.lang.reflect.Method)[pri:0, instance:webtest.demo.demosmoke.DemoSmokeTest@2acf57e3]" name="inicializeDriver" is-config="true" duration-ms="6625" started-at="2018-01-04T11:38:57Z" finished-at="2018-01-04T11:39:04Z">
          <params>
            <param index="0">
              <value>
                <![CDATA[public void webtest.demo.demosmoke.DemoSmokeTest.loginToDemoPage()]]>
              </value>
            </param>
          </params>
          <reporter-output>
          </reporter-output>
        </test-method> <!-- inicializeDriver -->
        <test-method status="PASS" signature="loginToDemoPage()[pri:0, instance:webtest.demo.demosmoke.DemoSmokeTest@2acf57e3]" name="loginToDemoPage" duration-ms="18084" started-at="2018-01-04T11:39:04Z" finished-at="2018-01-04T11:39:22Z">
          <reporter-output>
          </reporter-output>
        </test-method> <!-- loginToDemoPage -->
        <test-method status="PASS" signature="closeDriver(org.testng.ITestResult)[pri:0, instance:webtest.demo.demosmoke.DemoSmokeTest@2acf57e3]" name="closeDriver" is-config="true" duration-ms="611" started-at="2018-01-04T11:39:22Z" finished-at="2018-01-04T11:39:23Z">
          <params>
            <param index="0">
              <value>
                <![CDATA[[TestResult name=loginToDemoPage status=SUCCESS method=DemoSmokeTest.loginToDemoPage()[pri:0, instance:webtest.demo.demosmoke.DemoSmokeTest@2acf57e3] output={null}]]]>
              </value>
            </param>
          </params>
          <reporter-output>
          </reporter-output>
        </test-method> <!-- closeDriver -->
        <test-method status="PASS" signature="inicializeDriver(java.lang.reflect.Method)[pri:0, instance:webtest.demo.demosmoke.DemoSmokeTest@2acf57e3]" name="inicializeDriver" is-config="true" duration-ms="13788" started-at="2018-01-04T11:39:23Z" finished-at="2018-01-04T11:39:37Z">
          <params>
            <param index="0">
              <value>
                <![CDATA[public void webtest.demo.demosmoke.DemoSmokeTest.openAndCheckArticleText()]]>
              </value>
            </param>
          </params>
          <reporter-output>
          </reporter-output>
        </test-method> <!-- inicializeDriver -->
        <test-method status="PASS" signature="openAndCheckArticleText()[pri:0, instance:webtest.demo.demosmoke.DemoSmokeTest@2acf57e3]" name="openAndCheckArticleText" duration-ms="23113" started-at="2018-01-04T11:39:37Z" finished-at="2018-01-04T11:40:00Z">
          <reporter-output>
          </reporter-output>
        </test-method> <!-- openAndCheckArticleText -->
        <test-method status="PASS" signature="closeDriver(org.testng.ITestResult)[pri:0, instance:webtest.demo.demosmoke.DemoSmokeTest@2acf57e3]" name="closeDriver" is-config="true" duration-ms="679" started-at="2018-01-04T11:40:00Z" finished-at="2018-01-04T11:40:00Z">
          <params>
            <param index="0">
              <value>
                <![CDATA[[TestResult name=openAndCheckArticleText status=SUCCESS method=DemoSmokeTest.openAndCheckArticleText()[pri:0, instance:webtest.demo.demosmoke.DemoSmokeTest@2acf57e3] output={null}]]]>
              </value>
            </param>
          </params>
          <reporter-output>
          </reporter-output>
        </test-method> <!-- closeDriver -->
      </class> <!-- webtest.demo.demosmoke.DemoSmokeTest -->
    </test> <!-- Command line test -->
  </suite> <!-- Command line suite -->
</testng-results>
