<?xml version="1.0" encoding="UTF-8"?>
<testsuite name="Command line test"
           tests="5"
           failures="1"
           errors="0"
           skipped="0"
           time="402,582">
  <properties />
            <testcase name="checkTestPageTextFail" time="50,512" classname="webtest.demo.demosmoke.DemoSmokeTest">
                <failure type="java.lang.AssertionError"
                  message="Text (body) of new page is diferent from expected [Zkontrolujte tento text.] but found [Zkontrolujte tento texxt.]"
              >
<![CDATA[java.lang.AssertionError: Text (body) of new page is diferent from expected [Zkontrolujte tento text.] but found [Zkontrolujte tento texxt.]
  org.testng.Assert.fail(Assert.java:93)
  org.testng.Assert.failNotEquals(Assert.java:512)
  org.testng.Assert.assertEqualsImpl(Assert.java:134)
  org.testng.Assert.assertEquals(Assert.java:115)
  org.testng.Assert.assertEquals(Assert.java:189)
  webtest.demo.demosmoke.step.HomeTestStep.checkPage(HomeTestStep.java:40)
  webtest.demo.demosmoke.DemoSmokeTest.checkTestPageTextFail(DemoSmokeTest.java:33)
  java.base/jdk.internal.reflect.NativeMethodAccessorImpl.invoke0(Native Method)
  java.base/jdk.internal.reflect.NativeMethodAccessorImpl.invoke(NativeMethodAccessorImpl.java:62)
  java.base/jdk.internal.reflect.DelegatingMethodAccessorImpl.invoke(DelegatingMethodAccessorImpl.java:43)
  java.base/java.lang.reflect.Method.invoke(Method.java:564)
  org.testng.internal.MethodInvocationHelper.invokeMethod(MethodInvocationHelper.java:108)
  org.testng.internal.Invoker.invokeMethod(Invoker.java:661)
  org.testng.internal.Invoker.invokeTestMethod(Invoker.java:869)
  org.testng.internal.Invoker.invokeTestMethods(Invoker.java:1193)
  org.testng.internal.TestMethodWorker.invokeTestMethods(TestMethodWorker.java:126)
  org.testng.internal.TestMethodWorker.run(TestMethodWorker.java:109)
  org.testng.TestRunner.privateRun(TestRunner.java:744)
  org.testng.TestRunner.run(TestRunner.java:602)
  org.testng.SuiteRunner.runTest(SuiteRunner.java:380)
  org.testng.SuiteRunner.runSequentially(SuiteRunner.java:375)
  org.testng.SuiteRunner.privateRun(SuiteRunner.java:340)
  org.testng.SuiteRunner.run(SuiteRunner.java:289)
  org.testng.SuiteRunnerWorker.runSuite(SuiteRunnerWorker.java:52)
  org.testng.SuiteRunnerWorker.run(SuiteRunnerWorker.java:86)
  org.testng.TestNG.runSuitesSequentially(TestNG.java:1301)
  org.testng.TestNG.runSuitesLocally(TestNG.java:1226)
  org.testng.TestNG.runSuites(TestNG.java:1144)
  org.testng.TestNG.run(TestNG.java:1115)
  org.apache.maven.surefire.testng.TestNGExecutor.run(TestNGExecutor.java:77)
  org.apache.maven.surefire.testng.TestNGDirectoryTestSuite.executeMulti(TestNGDirectoryTestSuite.java:159)
  org.apache.maven.surefire.testng.TestNGDirectoryTestSuite.execute(TestNGDirectoryTestSuite.java:99)
  org.apache.maven.surefire.testng.TestNGProvider.invoke(TestNGProvider.java:106)
  java.base/jdk.internal.reflect.NativeMethodAccessorImpl.invoke0(Native Method)
  java.base/jdk.internal.reflect.NativeMethodAccessorImpl.invoke(NativeMethodAccessorImpl.java:62)
  java.base/jdk.internal.reflect.DelegatingMethodAccessorImpl.invoke(DelegatingMethodAccessorImpl.java:43)
  java.base/java.lang.reflect.Method.invoke(Method.java:564)
  org.apache.maven.surefire.util.ReflectionUtils.invokeMethodWithArray(ReflectionUtils.java:189)
  org.apache.maven.surefire.booter.ProviderFactory$ProviderProxy.invoke(ProviderFactory.java:165)
  org.apache.maven.surefire.booter.ProviderFactory.invokeProvider(ProviderFactory.java:85)
  org.apache.maven.surefire.booter.ForkedBooter.runSuitesInProcess(ForkedBooter.java:115)
  org.apache.maven.surefire.booter.ForkedBooter.main(ForkedBooter.java:75)
]]>
      </failure>

          </testcase>
  
  
            <testcase name="deletePage" time="114,576" classname="webtest.demo.demosmoke.DemoSmokeTest" />
                <testcase name="createAndCheckNewPage" time="129,270" classname="webtest.demo.demosmoke.DemoSmokeTest" />
                <testcase name="openAndCheckArticleText" time="61,594" classname="webtest.demo.demosmoke.DemoSmokeTest" />
                <testcase name="loginToDemoPage" time="46,630" classname="webtest.demo.demosmoke.DemoSmokeTest" />
      
</testsuite>
